<?xml version="1.0" encoding="UTF-8"?>
<!-- Generated by org.testng.reporters.JUnitXMLReporter -->
<testsuite ignored="0" hostname="DESKTOP-5KD2F17" failures="0" tests="6" name="ChromeTest" time="380.496" errors="0" timestamp="2021-03-31T17:28:58 IST">
  <testcase classname="source_package.Base" name="changeDepartment" time="43.778"/>
  <testcase classname="source_package.Base" name="employeePaidLeave" time="43.708"/>
  <testcase classname="source_package.Base" name="employeeReturnFromPaidLeave" time="39.512"/>
  <testcase classname="source_package.Base" name="modifyPerson" time="42.55"/>
  <testcase classname="source_package.Base" name="rehire" time="41.547"/>
  <testcase classname="source_package.Base" name="termination" time="39.404"/>
</testsuite> <!-- ChromeTest -->
