<?xml version="1.0" encoding="UTF-8"?>
<!-- Generated by org.testng.reporters.JUnitXMLReporter -->
<testsuite ignored="0" hostname="DESKTOP-5KD2F17" failures="0" tests="6" name="EdgeTest" time="409.108" errors="0" timestamp="2021-03-31T17:35:48 IST">
  <testcase classname="source_package.Base" name="changeDepartment" time="42.984"/>
  <testcase classname="source_package.Base" name="employeePaidLeave" time="48.655"/>
  <testcase classname="source_package.Base" name="employeeReturnFromPaidLeave" time="39.48"/>
  <testcase classname="source_package.Base" name="modifyPerson" time="42.559"/>
  <testcase classname="source_package.Base" name="rehire" time="41.49"/>
  <testcase classname="source_package.Base" name="termination" time="39.442"/>
</testsuite> <!-- EdgeTest -->
