<?xml version="1.0" encoding="UTF-8"?>
<!-- Generated by org.testng.reporters.JUnitXMLReporter -->
<testsuite ignored="4" hostname="DESKTOP-AR66CUG" failures="2" tests="2" name="Regression test" time="0.091" errors="0" timestamp="2021-03-31T10:43:19 IST">
  <testcase classname="source_package.Base" name="modifyPerson" time="0.012">
    <failure type="java.lang.NullPointerException" message="Cannot invoke &amp;quot;java.util.Properties.getProperty(String)&amp;quot; because &amp;quot;this.prop&amp;quot; is null">
      <![CDATA[java.lang.NullPointerException: Cannot invoke "java.util.Properties.getProperty(String)" because "this.prop" is null
at source_package.Base.modifyPerson(Base.java:527)
at java.base/java.util.ArrayList.forEach(ArrayList.java:1511)
... Removed 27 stack frames]]>
    </failure>
  </testcase> <!-- modifyPerson -->
  <testcase classname="source_package.Base" name="rehire" time="0.001">
    <failure type="java.lang.NullPointerException" message="Cannot invoke &amp;quot;java.util.Properties.getProperty(String)&amp;quot; because &amp;quot;this.prop&amp;quot; is null">
      <![CDATA[java.lang.NullPointerException: Cannot invoke "java.util.Properties.getProperty(String)" because "this.prop" is null
at source_package.Base.rehire(Base.java:379)
at java.base/java.util.ArrayList.forEach(ArrayList.java:1511)
... Removed 27 stack frames]]>
    </failure>
  </testcase> <!-- rehire -->
  <testcase classname="source_package.Base" name="employeePaidLeave" time="0.0">
    <ignored/>
  </testcase> <!-- employeePaidLeave -->
  <testcase classname="source_package.Base" name="changeDepartment" time="0.0">
    <ignored/>
  </testcase> <!-- changeDepartment -->
  <testcase classname="source_package.Base" name="termination" time="0.0">
    <ignored/>
  </testcase> <!-- termination -->
  <testcase classname="source_package.Base" name="employeeReturnFromPaidLeave" time="0.0">
    <ignored/>
  </testcase> <!-- employeeReturnFromPaidLeave -->
</testsuite> <!-- Regression test -->
